[Thu Apr 25 13:30:43 2002] /index.cgihtml: user-request(0): 'c:/drives/y/parser3project/parser3/www/htdocs/index.cgihtml' read failed: No such file or directory (2), actual filename 'c:/drives/y/parser3project/parser3/www/htdocs/index.cgihtml' [file.missing]
[Thu Apr 25 13:30:43 2002] /index.cgihtml: user-request(0): 'c:/drives/y/parser3project/parser3/www/htdocs/index.cgihtml' read failed: No such file or directory (2), actual filename 'c:/drives/y/parser3project/parser3/www/htdocs/index.cgihtml' [file.missing]
[Thu Apr 25 13:30:44 2002] /index.cgihtml: user-request(0): 'c:/drives/y/parser3project/parser3/www/htdocs/index.cgihtml' read failed: No such file or directory (2), actual filename 'c:/drives/y/parser3project/parser3/www/htdocs/index.cgihtml' [file.missing]
[Thu Apr 25 13:30:45 2002] /index.cgihtml: user-request(0): 'c:/drives/y/parser3project/parser3/www/htdocs/index.cgihtml' read failed: No such file or directory (2), actual filename 'c:/drives/y/parser3project/parser3/www/htdocs/index.cgihtml' [file.missing]
[Thu Apr 25 13:42:52 2002] /index.cgihtml: c:/drives/y/parser3project/parser3/www/htdocs/index.cgihtml(1325:19): parse error, expecting `']'' or `';'' [parser.compile]
[Thu Apr 25 13:43:17 2002] /index.cgihtml: c:/drives/y/parser3project/parser3/www/htdocs/index.cgihtml(1329:25): parse error, expecting `']'' or `';'' [parser.compile]
[Thu Apr 25 13:43:18 2002] /index.cgihtml: junction used outside of context [parser.runtime]
[Thu Apr 25 13:48:30 2002] /index.cgihtml: junction used outside of context [parser.runtime]
[Thu Apr 25 13:48:31 2002] /index.cgihtml: junction used outside of context [parser.runtime]
[Thu Apr 25 18:32:56 2002] /index.cgihtml: c:/drives/y/parser3project/parser3/www/htdocs/index.cgihtml(1327:23): parse error, expecting `']'' or `';'' [parser.compile]
[Thu Apr 25 18:34:36 2002] /index.cgihtml: c:/drives/y/parser3project/parser3/www/htdocs/index.cgihtml(1327:21): parse error, expecting `']'' or `';'' [parser.compile]
[Thu Apr 25 18:34:41 2002] /index.cgihtml: c:/drives/y/parser3project/parser3/www/htdocs/index.cgihtml(147): '2002' year&month parts of date abscent, must be in YYYY-NN-DD HH-MM-SS format [-]
[Thu Apr 25 18:34:41 2002] /index.cgihtml: c:/drives/y/parser3project/parser3/www/htdocs/index.cgihtml(147): '2002' year&month parts of date abscent, must be in YYYY-NN-DD HH-MM-SS format [-]
[Thu Apr 25 18:34:50 2002] /index.cgihtml: c:/drives/y/parser3project/parser3/www/htdocs/index.cgihtml(1328:1): parse error, expecting `']'' or `';'' [parser.compile]
[Thu Apr 25 19:07:56 2002] (null): Y:/parser3project/parser3/www/htdocs/index.html(149): 'select CAST('2000-05-28 00:00:00.000' AS smalldatetime)' CDBException: The conversion of char data type to smalldatetime data type resulted in an out-of-range smalldatetime value.| [sql.execute]
[Thu Apr 25 19:31:00 2002] /index.cgihtml: c:/drives/y/parser3project/parser3/www/htdocs/index.cgihtml(1): 't.p' usage failed - no $MAIN:CLASS_PATH were specified [parser.runtime]
[Thu Apr 25 19:39:36 2002] /index.cgihtml: c:/drives/y/parser3project/parser3/www/htdocs/index.cgihtml(152): 'select CAST({dt '2000-05-28 00:00:00.000'} AS smalldatetime)' CDBException: Syntax error or access violation| [sql.execute]
[Thu Apr 25 19:39:58 2002] /index.cgihtml: c:/drives/y/parser3project/parser3/www/htdocs/index.cgihtml(152): 'select CAST({dt '2000-05-28 00:00:00.000'} AS smalldatetime)' CDBException: Syntax error or access violation| [sql.execute]
[Thu Apr 25 19:40:14 2002] /index.cgihtml: c:/drives/y/parser3project/parser3/www/htdocs/index.cgihtml(1): 't.p' usage failed - no $MAIN:CLASS_PATH were specified [parser.runtime]
[Thu Apr 25 19:40:46 2002] /index.cgihtml: c:/drives/y/parser3project/parser3/www/htdocs/index.cgihtml(152): 'select CAST({dt: '2000-05-28 00:00:00.000'} AS smalldatetime)' CDBException: Syntax error or access violation| [sql.execute]
[Thu Apr 25 19:41:25 2002] /index.cgihtml: c:/drives/y/parser3project/parser3/www/htdocs/index.cgihtml(152): 'select CAST({ts '2000-05-28 00:00:00.000'} AS smalldatetime)' CDBException: Numeric value out of range| [sql.execute]
[Thu Apr 25 19:41:32 2002] /index.cgihtml: c:/drives/y/parser3project/parser3/www/htdocs/index.cgihtml(152): 'select CAST({ts '2000-05-05 00:00:00.000'} AS smalldatetime)' CDBException: Numeric value out of range| [sql.execute]
[Thu Apr 25 19:41:38 2002] /index.cgihtml: c:/drives/y/parser3project/parser3/www/htdocs/index.cgihtml(152): 'select CAST({ts '2002-04-28 00:00:00.000'} AS smalldatetime)' CDBException: Numeric value out of range| [sql.execute]
[Thu Apr 25 19:42:26 2002] /index.cgihtml: c:/drives/y/parser3project/parser3/www/htdocs/index.cgihtml(153): 'select CAST({ ts '1998-05-02 01:23:56.123' }AS smalldatetime)' CDBException: Numeric value out of range| [sql.execute]
[Thu Apr 25 19:42:31 2002] /index.cgihtml: c:/drives/y/parser3project/parser3/www/htdocs/index.cgihtml(153): 'select CAST({ ts '1998-05-02 01:23:56.123' }AS smalldatetime)' CDBException: Numeric value out of range| [sql.execute]
[Thu Apr 25 19:43:43 2002] /index.cgihtml: c:/drives/y/parser3project/parser3/www/htdocs/index.cgihtml(153): 'select CAST({ ts '1998-05-02 01:23:56.123' }AS smalldatetime)' CDBException: Numeric value out of range| [sql.execute]
[Thu Apr 25 19:43:44 2002] /index.cgihtml: c:/drives/y/parser3project/parser3/www/htdocs/index.cgihtml(153): 'select CAST({ ts '1998-05-02 01:23:56.123' }AS smalldatetime)' CDBException: Numeric value out of range| [sql.execute]
[Thu Apr 25 19:43:45 2002] /index.cgihtml: c:/drives/y/parser3project/parser3/www/htdocs/index.cgihtml(153): 'select CAST({ ts '1998-05-02 01:23:56.123' }AS smalldatetime)' CDBException: Numeric value out of range| [sql.execute]
[Thu Apr 25 20:01:27 2002] (null): Y:/parser3project/parser3/www/htdocs/index.html(153): 'select CAST({ ts '1998-05-02 01:23:56.123' }AS smalldatetime)' CDBException: Numeric value out of range| [sql.execute]
[Thu Apr 25 20:21:44 2002] /index.cgihtml: c:/drives/y/parser3project/parser3/www/htdocs/index.cgihtml(155): 'select * from paf' CDBException: unknown [sql.execute]
[Thu Apr 25 20:21:53 2002] (null): Y:/parser3project/parser3/www/htdocs/index.html(1339:5): parse error, expecting `']'' or `';'' [parser.compile]
[Thu Apr 25 20:21:57 2002] (null): Y:/parser3project/parser3/www/htdocs/index.html(155): 'select * from paf' CDBException: unknown [sql.execute]
[Thu Apr 25 21:09:16 2002] /index.cgihtml: c:/drives/y/parser3project/parser3/www/htdocs/index.cgihtml(155): 'select * from paf' CDBException: unknown [sql.execute]
[Thu Apr 25 21:11:21 2002] (null): Y:/parser3project/parser3/www/htdocs/index.html(155): 'select * from paf' CDBException: unknown [sql.execute]
[Thu Apr 25 21:12:57 2002] /index.cgihtml: c:/drives/y/parser3project/parser3/www/htdocs/index.cgihtml(155): 'select b from paf' CDBException: unknown [sql.execute]
[Thu Apr 25 21:15:35 2002] /index.cgihtml: c:/drives/y/parser3project/parser3/www/htdocs/index.cgihtml(155): 'select b from paf' CDBException: unknown [sql.execute]
[Thu Apr 25 21:15:38 2002] /index.cgihtml: c:/drives/y/parser3project/parser3/www/htdocs/index.cgihtml(155): 'select b from paf' CDBException: unknown [sql.execute]
[Thu Apr 25 21:18:08 2002] /index.cgihtml: c:/drives/y/parser3project/parser3/www/htdocs/index.cgihtml(155): 'select b from paf' CDBException: unknown [sql.execute]
[Thu Apr 25 21:33:51 2002] /index.cgihtml: c:/drives/y/parser3project/parser3/www/htdocs/index.cgihtml(155): 'select b from paf' unknown column return variant type (8) [sql.execute]
[Thu Apr 25 21:36:17 2002] /index.cgihtml: c:/drives/y/parser3project/parser3/www/htdocs/index.cgihtml(155): 'select a from paf' CDBException: Numeric value out of range| [sql.execute]
[Thu Apr 25 21:39:31 2002] /index.cgihtml: c:/drives/y/parser3project/parser3/www/htdocs/index.cgihtml(155): 'select a from paf' CDBException: Numeric value out of range| [sql.execute]
[Thu Apr 25 21:39:32 2002] /index.cgihtml: c:/drives/y/parser3project/parser3/www/htdocs/index.cgihtml(155): 'select a from paf' CDBException: Numeric value out of range| [sql.execute]
[Thu Apr 25 21:40:12 2002] (null): Y:/parser3project/parser3/www/htdocs/index.html(1): 't.p' not found along MAIN:CLASS_PATH [parser.runtime]
[Thu Apr 25 21:40:51 2002] (null): Y:/parser3project/parser3/www/htdocs/index.html(1): 't.p' not found along MAIN:CLASS_PATH [parser.runtime]
[Thu Apr 25 21:40:55 2002] (null): Y:/parser3project/parser3/www/htdocs/index.html(1): 't.p' not found along MAIN:CLASS_PATH [parser.runtime]
[Thu Apr 25 21:41:02 2002] (null): Y:/parser3project/parser3/www/htdocs/index.html(1): 't.p' not found along MAIN:CLASS_PATH [parser.runtime]
